<?xml version="1.0" encoding="UTF-8"?>
<coverage generated="1712951005487" clover="3.2.0">
  <project timestamp="1712951005487" name="All files">
    <metrics statements="27" coveredstatements="18" conditionals="7" coveredconditionals="7" methods="5" coveredmethods="2" elements="39" coveredelements="27" complexity="0" loc="27" ncloc="27" packages="1" files="2" classes="2"/>
    <file name="calculator.js" path="C:\Users\i.bouzidi\Documents\GL4 -2023\tp-test\code\tp1\src\calculator.js">
      <metrics statements="5" coveredstatements="3" conditionals="0" coveredconditionals="0" methods="1" coveredmethods="0"/>
      <line num="1" count="1" type="stmt"/>
      <line num="2" count="1" type="stmt"/>
      <line num="3" count="1" type="stmt"/>
      <line num="4" count="0" type="stmt"/>
      <line num="5" count="0" type="stmt"/>
    </file>
    <file name="math.js" path="C:\Users\i.bouzidi\Documents\GL4 -2023\tp-test\code\tp1\src\math.js">
      <metrics statements="22" coveredstatements="15" conditionals="7" coveredconditionals="7" methods="4" coveredmethods="2"/>
      <line num="1" count="1" type="stmt"/>
      <line num="2" count="1" type="cond" truecount="1" falsecount="0"/>
      <line num="3" count="3" type="cond" truecount="1" falsecount="0"/>
      <line num="4" count="2" type="cond" truecount="2" falsecount="0"/>
      <line num="5" count="1" type="cond" truecount="1" falsecount="0"/>
      <line num="6" count="3" type="stmt"/>
      <line num="7" count="1" type="stmt"/>
      <line num="8" count="1" type="stmt"/>
      <line num="9" count="1" type="stmt"/>
      <line num="10" count="0" type="stmt"/>
      <line num="11" count="0" type="stmt"/>
      <line num="12" count="0" type="stmt"/>
      <line num="13" count="0" type="stmt"/>
      <line num="14" count="0" type="stmt"/>
      <line num="15" count="1" type="stmt"/>
      <line num="16" count="1" type="cond" truecount="1" falsecount="0"/>
      <line num="17" count="3" type="cond" truecount="1" falsecount="0"/>
      <line num="18" count="3" type="stmt"/>
      <line num="19" count="1" type="stmt"/>
      <line num="20" count="1" type="stmt"/>
      <line num="21" count="0" type="stmt"/>
      <line num="22" count="0" type="stmt"/>
    </file>
  </project>
</coverage>
