{"C:\\Users\\i.bouzidi\\Documents\\GL4 -2023\\tp-test\\code\\tp1\\src\\calculator.js": {"path":"C:\\Users\\i.bouzidi\\Documents\\GL4 -2023\\tp-test\\code\\tp1\\src\\calculator.js","all":false,"statementMap":{"0":{"start":{"line":1,"column":0},"end":{"line":1,"column":31}},"1":{"start":{"line":2,"column":0},"end":{"line":2,"column":0}},"2":{"start":{"line":3,"column":0},"end":{"line":3,"column":33}},"3":{"start":{"line":4,"column":0},"end":{"line":4,"column":21}},"4":{"start":{"line":5,"column":0},"end":{"line":5,"column":1}}},"s":{"0":1,"1":1,"2":1,"3":0,"4":0},"branchMap":{},"b":{},"fnMap":{"0":{"name":"calculate","decl":{"start":{"line":3,"column":7},"end":{"line":5,"column":1}},"loc":{"start":{"line":3,"column":7},"end":{"line":5,"column":1}},"line":3}},"f":{"0":0}}
,"C:\\Users\\i.bouzidi\\Documents\\GL4 -2023\\tp-test\\code\\tp1\\src\\math.js": {"path":"C:\\Users\\i.bouzidi\\Documents\\GL4 -2023\\tp-test\\code\\tp1\\src\\math.js","all":false,"statementMap":{"0":{"start":{"line":1,"column":0},"end":{"line":1,"column":35}},"1":{"start":{"line":2,"column":0},"end":{"line":2,"column":27}},"2":{"start":{"line":3,"column":0},"end":{"line":3,"column":24}},"3":{"start":{"line":4,"column":0},"end":{"line":4,"column":29}},"4":{"start":{"line":5,"column":0},"end":{"line":5,"column":13}},"5":{"start":{"line":6,"column":0},"end":{"line":6,"column":3}},"6":{"start":{"line":7,"column":0},"end":{"line":7,"column":2}},"7":{"start":{"line":8,"column":0},"end":{"line":8,"column":13}},"8":{"start":{"line":9,"column":0},"end":{"line":9,"column":31}},"9":{"start":{"line":10,"column":0},"end":{"line":10,"column":54}},"10":{"start":{"line":11,"column":0},"end":{"line":11,"column":35}},"11":{"start":{"line":12,"column":0},"end":{"line":12,"column":35}},"12":{"start":{"line":13,"column":0},"end":{"line":13,"column":24}},"13":{"start":{"line":14,"column":0},"end":{"line":14,"column":3}},"14":{"start":{"line":15,"column":0},"end":{"line":15,"column":0}},"15":{"start":{"line":16,"column":0},"end":{"line":16,"column":34}},"16":{"start":{"line":17,"column":0},"end":{"line":17,"column":41}},"17":{"start":{"line":18,"column":0},"end":{"line":18,"column":1}},"18":{"start":{"line":19,"column":0},"end":{"line":19,"column":0}},"19":{"start":{"line":20,"column":0},"end":{"line":20,"column":29}},"20":{"start":{"line":21,"column":0},"end":{"line":21,"column":15}},"21":{"start":{"line":22,"column":0},"end":{"line":22,"column":1}}},"s":{"0":1,"1":1,"2":3,"3":2,"4":1,"5":3,"6":1,"7":1,"8":1,"9":0,"10":0,"11":0,"12":0,"13":0,"14":1,"15":1,"16":3,"17":3,"18":1,"19":1,"20":0,"21":0},"branchMap":{"0":{"type":"branch","line":2,"loc":{"start":{"line":2,"column":7},"end":{"line":6,"column":3}},"locations":[{"start":{"line":2,"column":7},"end":{"line":6,"column":3}}]},"1":{"type":"branch","line":3,"loc":{"start":{"line":3,"column":15},"end":{"line":3,"column":24}},"locations":[{"start":{"line":3,"column":15},"end":{"line":3,"column":24}}]},"2":{"type":"branch","line":4,"loc":{"start":{"line":4,"column":-2},"end":{"line":4,"column":29}},"locations":[{"start":{"line":4,"column":-2},"end":{"line":4,"column":29}}]},"3":{"type":"branch","line":4,"loc":{"start":{"line":4,"column":20},"end":{"line":4,"column":29}},"locations":[{"start":{"line":4,"column":20},"end":{"line":4,"column":29}}]},"4":{"type":"branch","line":5,"loc":{"start":{"line":5,"column":-2},"end":{"line":6,"column":2}},"locations":[{"start":{"line":5,"column":-2},"end":{"line":6,"column":2}}]},"5":{"type":"branch","line":16,"loc":{"start":{"line":16,"column":9},"end":{"line":18,"column":1}},"locations":[{"start":{"line":16,"column":9},"end":{"line":18,"column":1}}]},"6":{"type":"branch","line":17,"loc":{"start":{"line":17,"column":24},"end":{"line":17,"column":39}},"locations":[{"start":{"line":17,"column":24},"end":{"line":17,"column":39}}]}},"b":{"0":[3],"1":[1],"2":[2],"3":[1],"4":[1],"5":[3],"6":[7]},"fnMap":{"0":{"name":"max","decl":{"start":{"line":2,"column":7},"end":{"line":6,"column":3}},"loc":{"start":{"line":2,"column":7},"end":{"line":6,"column":3}},"line":2},"1":{"name":"fizzBuzz","decl":{"start":{"line":9,"column":9},"end":{"line":14,"column":3}},"loc":{"start":{"line":9,"column":9},"end":{"line":14,"column":3}},"line":9},"2":{"name":"trier","decl":{"start":{"line":16,"column":9},"end":{"line":18,"column":1}},"loc":{"start":{"line":16,"column":9},"end":{"line":18,"column":1}},"line":16},"3":{"name":"add","decl":{"start":{"line":20,"column":7},"end":{"line":22,"column":1}},"loc":{"start":{"line":20,"column":7},"end":{"line":22,"column":1}},"line":20}},"f":{"0":3,"1":0,"2":3,"3":0}}
}
